<?xml version="1.0" encoding="UTF-8"?>
<!-- Generated by org.testng.reporters.JUnitXMLReporter -->
<testsuite hostname="WBLL0317E2597" name="HomePage" tests="3" failures="0" timestamp="1 Jun 2017 14:57:02 GMT" time="0.016" errors="0">
  <testcase name="TestMethod1" time="0.0" classname="com.drg.helpers.TestCaller"/>
  <testcase name="TestMethod6" time="0.0" classname="com.drg.helpers.TestCaller"/>
  <testcase name="TestMethod7" time="0.0" classname="com.drg.helpers.TestCaller"/>
</testsuite> <!-- HomePage -->
