<?xml version="1.0" encoding="UTF-8"?>
<!-- Generated by org.testng.reporters.JUnitXMLReporter -->
<testsuite hostname="WBLL0317E2597" name="horizontalMenu" tests="7" failures="0" timestamp="22 Aug 2017 10:26:09 GMT" time="11.189" errors="0">
  <testcase name="horizontalMenuThemeExists" time="0.032" classname="com.drg.methodFlows.horizontalMenuDetails"/>
  <testcase name="homeHorizontalMenuClick" time="3.107" classname="com.drg.methodFlows.horizontalMenuDetails"/>
  <testcase name="videoHorizontalMenuClick" time="1.51" classname="com.drg.methodFlows.horizontalMenuDetails"/>
  <testcase name="gameHorizontalMenuClick" time="1.594" classname="com.drg.methodFlows.horizontalMenuDetails"/>
  <testcase name="wallpaperHorizontalMenuClick" time="1.863" classname="com.drg.methodFlows.horizontalMenuDetails"/>
  <testcase name="musicHorizontalMenuClick" time="1.969" classname="com.drg.methodFlows.horizontalMenuDetails"/>
  <testcase name="myStatusHorizontalMenuClick" time="1.019" classname="com.drg.methodFlows.horizontalMenuDetails"/>
</testsuite> <!-- horizontalMenu -->
