<?xml version="1.0" encoding="UTF-8"?>
<!-- Generated by org.testng.reporters.JUnitXMLReporter -->
<testsuite hostname="WBLL0317E2597" name="horizontalMenu" tests="7" failures="0" timestamp="14 Jun 2017 10:27:07 GMT" time="0.015" errors="0">
  <testcase name="@BeforeClass initiate" time="0.0" classname="com.drg.methodFlows.horizontalMenuDetails">
    <skipped/>
  </testcase> <!-- @BeforeClass initiate -->
  <testcase name="horizontalMenuThemeExists" time="0.0" classname="com.drg.methodFlows.horizontalMenuDetails">
    <skipped/>
  </testcase> <!-- horizontalMenuThemeExists -->
  <testcase name="homeHorizontalMenuClick" time="0.0" classname="com.drg.methodFlows.horizontalMenuDetails">
    <skipped/>
  </testcase> <!-- homeHorizontalMenuClick -->
  <testcase name="videoHorizontalMenuClick" time="0.0" classname="com.drg.methodFlows.horizontalMenuDetails">
    <skipped/>
  </testcase> <!-- videoHorizontalMenuClick -->
  <testcase name="gameHorizontalMenuClick" time="0.0" classname="com.drg.methodFlows.horizontalMenuDetails">
    <skipped/>
  </testcase> <!-- gameHorizontalMenuClick -->
  <testcase name="wallpaperHorizontalMenuClick" time="0.0" classname="com.drg.methodFlows.horizontalMenuDetails">
    <skipped/>
  </testcase> <!-- wallpaperHorizontalMenuClick -->
  <testcase name="musicHorizontalMenuClick" time="0.0" classname="com.drg.methodFlows.horizontalMenuDetails">
    <skipped/>
  </testcase> <!-- musicHorizontalMenuClick -->
  <testcase name="myStatusHorizontalMenuClick" time="0.0" classname="com.drg.methodFlows.horizontalMenuDetails">
    <skipped/>
  </testcase> <!-- myStatusHorizontalMenuClick -->
</testsuite> <!-- horizontalMenu -->
