<?xml version="1.0" encoding="UTF-8"?>
<!-- Generated by org.testng.reporters.JUnitXMLReporter -->
<testsuite hostname="WBLL0317E2597" name="newUserValidation" tests="3" failures="0" timestamp="14 Jun 2017 10:27:07 GMT" time="0.0" errors="0">
  <testcase name="@BeforeClass initiate" time="0.0" classname="com.drg.methodFlows.isNewuser">
    <skipped/>
  </testcase> <!-- @BeforeClass initiate -->
  <testcase name="newUserLoginCheck" time="0.0" classname="com.drg.methodFlows.isNewuser">
    <skipped/>
  </testcase> <!-- newUserLoginCheck -->
  <testcase name="newUserTNCcheck" time="0.0" classname="com.drg.methodFlows.isNewuser">
    <skipped/>
  </testcase> <!-- newUserTNCcheck -->
  <testcase name="noSubscriptionCheckMyLocker" time="0.0" classname="com.drg.methodFlows.isNewuser">
    <skipped/>
  </testcase> <!-- noSubscriptionCheckMyLocker -->
</testsuite> <!-- newUserValidation -->
