<?xml version="1.0" encoding="UTF-8"?>
<testng-results skipped="0" failed="0" total="1" passed="1">
  <reporter-output>
  </reporter-output>
  <suite name="Default suite" duration-ms="77" started-at="2017-08-14T07:14:46Z" finished-at="2017-08-14T07:14:46Z">
    <groups>
    </groups>
    <test name="Default test" duration-ms="77" started-at="2017-08-14T07:14:46Z" finished-at="2017-08-14T07:14:46Z">
      <class name="com.drg.methodFlows.startUp">
        <test-method status="PASS" signature="setup()[pri:0, instance:com.drg.methodFlows.startUp@1e88b3c]" name="setup" is-config="true" duration-ms="24352" started-at="2017-08-14T12:44:21Z" finished-at="2017-08-14T12:44:46Z">
          <reporter-output>
          </reporter-output>
        </test-method> <!-- setup -->
        <test-method status="PASS" signature="Launch()[pri:0, instance:com.drg.methodFlows.startUp@1e88b3c]" name="Launch" duration-ms="23" started-at="2017-08-14T12:44:46Z" finished-at="2017-08-14T12:44:46Z">
          <reporter-output>
          </reporter-output>
        </test-method> <!-- Launch -->
        <test-method status="PASS" signature="closure()[pri:0, instance:com.drg.methodFlows.startUp@1e88b3c]" name="closure" is-config="true" duration-ms="0" started-at="2017-08-14T12:44:46Z" finished-at="2017-08-14T12:44:46Z">
          <reporter-output>
          </reporter-output>
        </test-method> <!-- closure -->
      </class> <!-- com.drg.methodFlows.startUp -->
    </test> <!-- Default test -->
  </suite> <!-- Default suite -->
</testng-results>
